<?xml version="1.0" encoding="UTF-8"?>
<!-- Generated by org.testng.reporters.JUnitXMLReporter -->
<testsuite hostname="Vishnu" name="Default test" tests="2" failures="0" timestamp="6 Sep 2015 23:16:17 GMT" time="39.914" errors="0">
  <testcase name="testTrademarkStatus" time="10.245" classname="com.uspto.tsdr.TestTrademarkStatus_DocumentRetrieval"/>
  <testcase name="testTrademarkStatus" time="9.352" classname="com.uspto.tsdr.TestTrademarkStatus_DocumentRetrieval"/>
</testsuite> <!-- Default test -->
