<?xml version="1.0" encoding="UTF-8"?>
<testng-results skipped="0" failed="0" total="2" passed="2">
  <reporter-output>
  </reporter-output>
  <suite name="Default suite" duration-ms="39914" started-at="2015-09-06T23:15:37Z" finished-at="2015-09-06T23:16:17Z">
    <groups>
    </groups>
    <test name="Default test" duration-ms="39914" started-at="2015-09-06T23:15:37Z" finished-at="2015-09-06T23:16:17Z">
      <class name="com.uspto.tsdr.TestTrademarkStatus_DocumentRetrieval">
        <test-method status="PASS" signature="init()[pri:0, instance:com.uspto.tsdr.TestTrademarkStatus_DocumentRetrieval@7907ec20]" name="init" is-config="true" duration-ms="31" started-at="2015-09-06T19:15:37Z" finished-at="2015-09-06T19:15:37Z">
          <reporter-output>
          </reporter-output>
        </test-method> <!-- init -->
        <test-method status="PASS" signature="setUp()[pri:0, instance:com.uspto.tsdr.TestTrademarkStatus_DocumentRetrieval@7907ec20]" name="setUp" is-config="true" duration-ms="18698" started-at="2015-09-06T19:15:37Z" finished-at="2015-09-06T19:15:56Z">
          <reporter-output>
          </reporter-output>
        </test-method> <!-- setUp -->
        <test-method status="PASS" signature="testTrademarkStatus(java.lang.String, java.lang.String, java.lang.String, java.lang.String)[pri:0, instance:com.uspto.tsdr.TestTrademarkStatus_DocumentRetrieval@7907ec20]" name="testTrademarkStatus" duration-ms="10245" started-at="2015-09-06T19:15:56Z" data-provider="statusTestData" finished-at="2015-09-06T19:16:06Z">
          <params>
            <param index="0">
              <value>
                <![CDATA[SERIAL_NO]]>
              </value>
            </param>
            <param index="1">
              <value>
                <![CDATA[78787878]]>
              </value>
            </param>
            <param index="2">
              <value>
                <![CDATA[MAC MEMPHIS ATHLETIC CAMPUS]]>
              </value>
            </param>
            <param index="3">
              <value>
                <![CDATA[Abandoned because the applicant failed to respond or filed a late response to an Office action. To view all documents in this file, click on the Trademark Document Retrieval link at the top of this page.]]>
              </value>
            </param>
          </params>
          <reporter-output>
          </reporter-output>
        </test-method> <!-- testTrademarkStatus -->
        <test-method status="PASS" signature="testTrademarkStatus(java.lang.String, java.lang.String, java.lang.String, java.lang.String)[pri:0, instance:com.uspto.tsdr.TestTrademarkStatus_DocumentRetrieval@7907ec20]" name="testTrademarkStatus" duration-ms="9352" started-at="2015-09-06T19:16:06Z" data-provider="statusTestData" finished-at="2015-09-06T19:16:16Z">
          <params>
            <param index="0">
              <value>
                <![CDATA[SERIAL_NO]]>
              </value>
            </param>
            <param index="1">
              <value>
                <![CDATA[76716495]]>
              </value>
            </param>
            <param index="2">
              <value>
                <![CDATA[CIRCLE OF BROTHERS IN ISLAM]]>
              </value>
            </param>
            <param index="3">
              <value>
                <![CDATA[Application has been published for opposition. The opposition period begins on the date of publication.]]>
              </value>
            </param>
          </params>
          <reporter-output>
          </reporter-output>
        </test-method> <!-- testTrademarkStatus -->
        <test-method status="PASS" signature="tearDown()[pri:0, instance:com.uspto.tsdr.TestTrademarkStatus_DocumentRetrieval@7907ec20]" name="tearDown" is-config="true" duration-ms="1568" started-at="2015-09-06T19:16:16Z" finished-at="2015-09-06T19:16:17Z">
          <reporter-output>
          </reporter-output>
        </test-method> <!-- tearDown -->
        <test-method status="FAIL" signature="exit()[pri:0, instance:com.uspto.tsdr.TestTrademarkStatus_DocumentRetrieval@7907ec20]" name="exit" is-config="true" duration-ms="0" started-at="2015-09-06T19:16:17Z" finished-at="2015-09-06T19:16:17Z">
          <exception class="org.openqa.selenium.remote.SessionNotFoundException">
            <message>
              <![CDATA[Session ID is null. Using WebDriver after calling quit()?
Build info: version: '2.45.0', revision: '5017cb8', time: '2015-02-27 00:00:10'
System info: host: 'Vishnu', ip: '192.168.56.1', os.name: 'Windows 8.1', os.arch: 'amd64', os.version: '6.3', java.version: '1.8.0_25'
Driver info: driver.version: RemoteWebDriver]]>
            </message>
            <full-stacktrace>
              <![CDATA[org.openqa.selenium.remote.SessionNotFoundException: Session ID is null. Using WebDriver after calling quit()?
Build info: version: '2.45.0', revision: '5017cb8', time: '2015-02-27 00:00:10'
System info: host: 'Vishnu', ip: '192.168.56.1', os.name: 'Windows 8.1', os.arch: 'amd64', os.version: '6.3', java.version: '1.8.0_25'
Driver info: driver.version: RemoteWebDriver
	at org.openqa.selenium.remote.HttpCommandExecutor.execute(HttpCommandExecutor.java:125)
	at org.openqa.selenium.remote.service.DriverCommandExecutor.execute(DriverCommandExecutor.java:66)
	at org.openqa.selenium.remote.RemoteWebDriver.execute(RemoteWebDriver.java:572)
	at org.openqa.selenium.remote.RemoteWebDriver.execute(RemoteWebDriver.java:622)
	at org.openqa.selenium.remote.RemoteWebDriver$RemoteWebDriverOptions.deleteAllCookies(RemoteWebDriver.java:693)
	at com.uspto.tsdr.pageObjects.BrowserFactory.closeAllDriver(BrowserFactory.java:51)
	at com.uspto.tsdr.TestTrademarkStatus_DocumentRetrieval.exit(TestTrademarkStatus_DocumentRetrieval.java:95)
	at sun.reflect.NativeMethodAccessorImpl.invoke0(Native Method)
	at sun.reflect.NativeMethodAccessorImpl.invoke(NativeMethodAccessorImpl.java:62)
	at sun.reflect.DelegatingMethodAccessorImpl.invoke(DelegatingMethodAccessorImpl.java:43)
	at java.lang.reflect.Method.invoke(Method.java:483)
	at org.testng.internal.MethodInvocationHelper.invokeMethod(MethodInvocationHelper.java:84)
	at org.testng.internal.Invoker.invokeConfigurationMethod(Invoker.java:564)
	at org.testng.internal.Invoker.invokeConfigurations(Invoker.java:213)
	at org.testng.internal.Invoker.invokeConfigurations(Invoker.java:138)
	at org.testng.SuiteRunner.privateRun(SuiteRunner.java:308)
	at org.testng.SuiteRunner.run(SuiteRunner.java:240)
	at org.testng.SuiteRunnerWorker.runSuite(SuiteRunnerWorker.java:52)
	at org.testng.SuiteRunnerWorker.run(SuiteRunnerWorker.java:86)
	at org.testng.TestNG.runSuitesSequentially(TestNG.java:1224)
	at org.testng.TestNG.runSuitesLocally(TestNG.java:1149)
	at org.testng.TestNG.run(TestNG.java:1057)
	at org.testng.remote.RemoteTestNG.run(RemoteTestNG.java:111)
	at org.testng.remote.RemoteTestNG.initAndRun(RemoteTestNG.java:204)
	at org.testng.remote.RemoteTestNG.main(RemoteTestNG.java:175)
]]>
            </full-stacktrace>
          </exception> <!-- org.openqa.selenium.remote.SessionNotFoundException -->
          <reporter-output>
          </reporter-output>
        </test-method> <!-- exit -->
      </class> <!-- com.uspto.tsdr.TestTrademarkStatus_DocumentRetrieval -->
    </test> <!-- Default test -->
  </suite> <!-- Default suite -->
</testng-results>
